     1                                  section .data
     2 00000000 6D6553736147450A        	msg: db "meSsaGE", 10
     3                                  	msg_len equ $ - msg
     4                                  section .text
     5                                  	global _start
     6                                  _start:
     7 00000000 B900000000              	mov rcx, 0
     8                                  L1:
     9 00000005 8AA1[00000000]          	mov byte ah, [msg + rcx]
    10 0000000B E833000000              	call to_upper
    11 00000010 88A1[00000000]          	mov byte [msg + rcx], ah
    12 00000016 48FFC1                  	inc rcx
    13 00000019 4883F908                	cmp rcx, msg_len
    14 0000001D 7402                    	jz L2
    15 0000001F EBE4                    	jmp L1
    16                                  
    17                                  L2:
    18 00000021 B804000000              	mov eax, 4
    19 00000026 BB01000000              	mov ebx, 1
    20 0000002B B9[00000000]            	mov ecx, msg
    21 00000030 BA08000000              	mov edx, msg_len
    22 00000035 CD80                    	int 80H
    23                                  
    24 00000037 B801000000              	mov eax, 1
    25 0000003C BB00000000              	mov ebx, 0
    26 00000041 CD80                    	int 80H
    27                                  
    28                                  to_upper:
    29 00000043 80FC61                  	cmp ah, 'a'
    30 00000046 7208                    	jb to_upper_end
    31                                  
    32 00000048 80FC7A                  	cmp ah, 'z'
    33 0000004B 7703                    	ja to_upper_end
    34                                  
    35 0000004D 80EC20                  	sub ah, 32
    36                                  
    37                                  to_upper_end:
    38 00000050 C3                      	ret
