     1                                  section .data
     2 00000000 50617268616D00          	S1: db 'Parham', 0
     3 00000007 50617268616D00          	S2: db 'Parham', 0
     4 0000000E 0700000000000000        	S_len: dq 7
     5 00000016 416C6C207468696E67-     	S_OK: db "All thing are good", 0
     6 0000001F 2061726520676F6F64-
     7 00000028 00                 
     8                                  section .text
     9                                  _start:
    10 00000000 48BE-                   	mov rsi, S1
    11 00000002 [0000000000000000] 
    12 0000000A 48BF-                   	mov rdi, S2
    13 0000000C [0700000000000000] 
    14 00000014 488B0C25[0E000000]      	mov rcx, [S_len]
    15 0000001C F2AE                    	repne scasb
    16 0000001E 7402                    	jz ok
    17 00000020 EB1B                    	jmp error
    18                                  ok:
    19 00000022 B801000000              	mov rax, 1
    20 00000027 BF01000000              	mov rdi, 1
    21 0000002C 48BE-                   	mov rsi, S_OK
    22 0000002E [1600000000000000] 
    23 00000036 BA14000000              	mov rdx, 20
    24 0000003B 0F05                    	syscall
    25                                  error:
    26 0000003D B83C000000              	mov rax, 60
    27 00000042 BF00000000              	mov rdi, 0
    28 00000047 0F05                    	syscall
