     1                                  ; In The Name Of God
     2                                  ; ========================================
     3                                  ; [] File Name : 7.asm
     4                                  ; 
     5                                  ; [] Creation Date : 08-01-2015
     6                                  ;
     7                                  ; [] Last Modified : Thu 08 Jan 2015 07:04:29 PM IRST
     8                                  ;
     9                                  ; [] Created By : Parham Alvani (parham.alvani@gmail.com)
    10                                  ; =======================================
    11                                  section .data
    12 00000000 256C64212069732025-     	format: db "%ld! is %ld", 10, 0
    13 00000009 6C640A00           
    14                                  section .text
    15                                  	global main
    16                                  	extern printf
    17                                  main:
    18 00000000 B814000000              	mov rax, 20
    19 00000005 E823000000              	call factorial
    20                                  print:
    21 0000000A 48BF-                   	mov rdi, format
    22 0000000C [0000000000000000] 
    23 00000014 4889C6                  	mov rsi, rax
    24 00000017 4889DA                  	mov rdx, rbx
    25 0000001A B000                    	mov al, 0
    26 0000001C E8(00000000)            	call printf
    27                                  finish:
    28 00000021 B801000000              	mov rax, 1
    29 00000026 BB00000000              	mov rbx, 0
    30 0000002B CD80                    	int 80H
    31                                  factorial:
    32 0000002D 4885C0                  	test rax, rax
    33 00000030 7418                    	jz .zero
    34                                  .non_zero:
    35 00000032 48FFC8                  	dec rax
    36 00000035 E8F3FFFFFF              	call factorial
    37 0000003A 48FFC0                  	inc rax
    38 0000003D 4889C1                  	mov rcx, rax
    39 00000040 48F7E3                  	mul rbx
    40 00000043 4889C3                  	mov rbx, rax
    41 00000046 4889C8                  	mov rax, rcx
    42 00000049 C3                      	ret
    43                                  .zero:
    44 0000004A BB01000000              	mov rbx, 1
    45 0000004F C3                      	ret
